Arguments: 
  /usr/bin/nodejs /usr/share/yarn/bin/yarn.js update

PATH: 
  /usr/local/bin:/usr/bin:/bin:/usr/local/games:/usr/games

Yarn version: 
  1.5.1

Node version: 
  4.8.2

Platform: 
  linux x64

npm manifest: 
  {
    "dependencies": {
      "nodejs": "^0.0.0"
    }
  }

yarn manifest: 
  No manifest

Lockfile: 
  # THIS IS AN AUTOGENERATED FILE. DO NOT EDIT THIS FILE DIRECTLY.
  # yarn lockfile v1
  
  
  nodejs@^0.0.0:
    version "0.0.0"
    resolved "https://registry.yarnpkg.com/nodejs/-/nodejs-0.0.0.tgz#4722fa2e18ac4eb73a42ae16d01e3584a12b7531"

Trace: 
  Error: Command "update" not found.
      at MessageError.Error (native)
      at new MessageError (/usr/share/yarn/lib/cli.js:186:110)
      at /usr/share/yarn/lib/cli.js:87307:17
      at next (native)
      at step (/usr/share/yarn/lib/cli.js:98:30)
      at /usr/share/yarn/lib/cli.js:116:14
      at new Promise (/usr/share/yarn/lib/cli.js:100438:7)
      at /usr/share/yarn/lib/cli.js:95:12
      at runCommand (/usr/share/yarn/lib/cli.js:87312:22)
      at Object.<anonymous> (/usr/share/yarn/lib/cli.js:87412:14)
